# JRE version: Java(TM) SE Runtime Environment (8.0_60-b27) (build 1.8.0_60-b27)
# Java VM: Java HotSpot(TM) 64-Bit Server VM (25.60-b23 mixed mode windows-amd64 compressed oops)
Heap:
 PSYoungGen      total 90112K, used 50997K [0x00000000eab00000, 0x00000000f1700000, 0x0000000100000000)
  eden space 81408K, 60% used [0x00000000eab00000,0x00000000edaef3b8,0x00000000efa80000)
  from space 8704K, 21% used [0x00000000efa80000,0x00000000efc5e110,0x00000000f0300000)
  to   space 8192K, 0% used [0x00000000f0f00000,0x00000000f0f00000,0x00000000f1700000)
 ParOldGen       total 44032K, used 11824K [0x00000000c0000000, 0x00000000c2b00000, 0x00000000eab00000)
  object space 44032K, 26% used [0x00000000c0000000,0x00000000c0b8c278,0x00000000c2b00000)
 Metaspace       used 22408K, capacity 23016K, committed 23168K, reserved 1069056K
  class space    used 2950K, capacity 3153K, committed 3200K, reserved 1048576K
GC Heap History (10 events):
Event: 4.778 GC heap before
{Heap before GC invocations=6 (full 0):
 PSYoungGen      total 34304K, used 27845K [0x00000000eab00000, 0x00000000ef900000, 0x0000000100000000)
  eden space 31744K, 79% used [0x00000000eab00000,0x00000000ec3b3770,0x00000000eca00000)
  from space 2560K, 99% used [0x00000000eca00000,0x00000000ecc7e050,0x00000000ecc80000)
  to   space 8192K, 0% used [0x00000000ef100000,0x00000000ef100000,0x00000000ef900000)
 ParOldGen       total 42496K, used 9844K [0x00000000c0000000, 0x00000000c2980000, 0x00000000eab00000)
  object space 42496K, 23% used [0x00000000c0000000,0x00000000c099d398,0x00000000c2980000)
 Metaspace       used 20767K, capacity 21250K, committed 21296K, reserved 1067008K
  class space    used 2772K, capacity 2928K, committed 2944K, reserved 1048576K
Event: 4.796 GC heap after
Heap after GC invocations=6 (full 0):
 PSYoungGen      total 71680K, used 5752K [0x00000000eab00000, 0x00000000ef900000, 0x0000000100000000)
  eden space 63488K, 0% used [0x00000000eab00000,0x00000000eab00000,0x00000000ee900000)
  from space 8192K, 70% used [0x00000000ef100000,0x00000000ef69e118,0x00000000ef900000)
  to   space 8192K, 0% used [0x00000000ee900000,0x00000000ee900000,0x00000000ef100000)
 ParOldGen       total 42496K, used 9852K [0x00000000c0000000, 0x00000000c2980000, 0x00000000eab00000)
  object space 42496K, 23% used [0x00000000c0000000,0x00000000c099f398,0x00000000c2980000)
 Metaspace       used 20767K, capacity 21250K, committed 21296K, reserved 1067008K
  class space    used 2772K, capacity 2928K, committed 2944K, reserved 1048576K
}
Event: 4.796 GC heap before
{Heap before GC invocations=7 (full 1):
 PSYoungGen      total 71680K, used 5752K [0x00000000eab00000, 0x00000000ef900000, 0x0000000100000000)
  eden space 63488K, 0% used [0x00000000eab00000,0x00000000eab00000,0x00000000ee900000)
  from space 8192K, 70% used [0x00000000ef100000,0x00000000ef69e118,0x00000000ef900000)
  to   space 8192K, 0% used [0x00000000ee900000,0x00000000ee900000,0x00000000ef100000)
 ParOldGen       total 42496K, used 9852K [0x00000000c0000000, 0x00000000c2980000, 0x00000000eab00000)
  object space 42496K, 23% used [0x00000000c0000000,0x00000000c099f398,0x00000000c2980000)
 Metaspace       used 20767K, capacity 21250K, committed 21296K, reserved 1067008K
  class space    used 2772K, capacity 2928K, committed 2944K, reserved 1048576K
Event: 4.942 GC heap after
Heap after GC invocations=7 (full 1):
 PSYoungGen      total 71680K, used 0K [0x00000000eab00000, 0x00000000ef900000, 0x0000000100000000)
  eden space 63488K, 0% used [0x00000000eab00000,0x00000000eab00000,0x00000000ee900000)
  from space 8192K, 0% used [0x00000000ef100000,0x00000000ef100000,0x00000000ef900000)
  to   space 8192K, 0% used [0x00000000ee900000,0x00000000ee900000,0x00000000ef100000)
 ParOldGen       total 44032K, used 11800K [0x00000000c0000000, 0x00000000c2b00000, 0x00000000eab00000)
  object space 44032K, 26% used [0x00000000c0000000,0x00000000c0b86278,0x00000000c2b00000)
 Metaspace       used 20767K, capacity 21250K, committed 21296K, reserved 1067008K
  class space    used 2772K, capacity 2928K, committed 2944K, reserved 1048576K
}
Event: 6.070 GC heap before
{Heap before GC invocations=8 (full 1):
 PSYoungGen      total 71680K, used 63488K [0x00000000eab00000, 0x00000000ef900000, 0x0000000100000000)
  eden space 63488K, 100% used [0x00000000eab00000,0x00000000ee900000,0x00000000ee900000)
  from space 8192K, 0% used [0x00000000ef100000,0x00000000ef100000,0x00000000ef900000)
  to   space 8192K, 0% used [0x00000000ee900000,0x00000000ee900000,0x00000000ef100000)
 ParOldGen       total 44032K, used 11800K [0x00000000c0000000, 0x00000000c2b00000, 0x00000000eab00000)
  object space 44032K, 26% used [0x00000000c0000000,0x00000000c0b86278,0x00000000c2b00000)
 Metaspace       used 22370K, capacity 22888K, committed 23168K, reserved 1069056K
  class space    used 2948K, capacity 3153K, committed 3200K, reserved 1048576K
Event: 6.085 GC heap after
Heap after GC invocations=8 (full 1):
 PSYoungGen      total 71680K, used 1961K [0x00000000eab00000, 0x00000000f0d00000, 0x0000000100000000)
  eden space 63488K, 0% used [0x00000000eab00000,0x00000000eab00000,0x00000000ee900000)
  from space 8192K, 23% used [0x00000000ee900000,0x00000000eeaea7c0,0x00000000ef100000)
  to   space 8192K, 0% used [0x00000000f0500000,0x00000000f0500000,0x00000000f0d00000)
 ParOldGen       total 44032K, used 11808K [0x00000000c0000000, 0x00000000c2b00000, 0x00000000eab00000)
  object space 44032K, 26% used [0x00000000c0000000,0x00000000c0b88278,0x00000000c2b00000)
 Metaspace       used 22370K, capacity 22888K, committed 23168K, reserved 1069056K
  class space    used 2948K, capacity 3153K, committed 3200K, reserved 1048576K
}
Event: 7.199 GC heap before
{Heap before GC invocations=9 (full 1):
 PSYoungGen      total 71680K, used 65449K [0x00000000eab00000, 0x00000000f0d00000, 0x0000000100000000)
  eden space 63488K, 100% used [0x00000000eab00000,0x00000000ee900000,0x00000000ee900000)
  from space 8192K, 23% used [0x00000000ee900000,0x00000000eeaea7c0,0x00000000ef100000)
  to   space 8192K, 0% used [0x00000000f0500000,0x00000000f0500000,0x00000000f0d00000)
 ParOldGen       total 44032K, used 11808K [0x00000000c0000000, 0x00000000c2b00000, 0x00000000eab00000)
  object space 44032K, 26% used [0x00000000c0000000,0x00000000c0b88278,0x00000000c2b00000)
 Metaspace       used 22372K, capacity 22888K, committed 23168K, reserved 1069056K
  class space    used 2948K, capacity 3153K, committed 3200K, reserved 1048576K
Event: 7.204 GC heap after
Heap after GC invocations=9 (full 1):
 PSYoungGen      total 88064K, used 1412K [0x00000000eab00000, 0x00000000f0b80000, 0x0000000100000000)
  eden space 81408K, 0% used [0x00000000eab00000,0x00000000eab00000,0x00000000efa80000)
  from space 6656K, 21% used [0x00000000f0500000,0x00000000f06610e0,0x00000000f0b80000)
  to   space 8704K, 0% used [0x00000000efa80000,0x00000000efa80000,0x00000000f0300000)
 ParOldGen       total 44032K, used 11816K [0x00000000c0000000, 0x00000000c2b00000, 0x00000000eab00000)
  object space 44032K, 26% used [0x00000000c0000000,0x00000000c0b8a278,0x00000000c2b00000)
 Metaspace       used 22372K, capacity 22888K, committed 23168K, reserved 1069056K
  class space    used 2948K, capacity 3153K, committed 3200K, reserved 1048576K
}
Event: 7.835 GC heap before
{Heap before GC invocations=10 (full 1):
 PSYoungGen      total 88064K, used 82820K [0x00000000eab00000, 0x00000000f0b80000, 0x0000000100000000)
  eden space 81408K, 100% used [0x00000000eab00000,0x00000000efa80000,0x00000000efa80000)
  from space 6656K, 21% used [0x00000000f0500000,0x00000000f06610e0,0x00000000f0b80000)
  to   space 8704K, 0% used [0x00000000efa80000,0x00000000efa80000,0x00000000f0300000)
 ParOldGen       total 44032K, used 11816K [0x00000000c0000000, 0x00000000c2b00000, 0x00000000eab00000)
  object space 44032K, 26% used [0x00000000c0000000,0x00000000c0b8a278,0x00000000c2b00000)
 Metaspace       used 22403K, capacity 22952K, committed 23168K, reserved 1069056K
  class space    used 2949K, capacity 3153K, committed 3200K, reserved 1048576K
Event: 7.840 GC heap after
Heap after GC invocations=10 (full 1):
 PSYoungGen      total 90112K, used 1912K [0x00000000eab00000, 0x00000000f1700000, 0x0000000100000000)
  eden space 81408K, 0% used [0x00000000eab00000,0x00000000eab00000,0x00000000efa80000)
  from space 8704K, 21% used [0x00000000efa80000,0x00000000efc5e110,0x00000000f0300000)
  to   space 8192K, 0% used [0x00000000f0f00000,0x00000000f0f00000,0x00000000f1700000)
 ParOldGen       total 44032K, used 11824K [0x00000000c0000000, 0x00000000c2b00000, 0x00000000eab00000)
  object space 44032K, 26% used [0x00000000c0000000,0x00000000c0b8c278,0x00000000c2b00000)
 Metaspace       used 22403K, capacity 22952K, committed 23168K, reserved 1069056K
  class space    used 2949K, capacity 3153K, committed 3200K, reserved 1048576K
}

