# JRE version: Java(TM) SE Runtime Environment (8.0_60-b27) (build 1.8.0_60-b27)
# Java VM: Java HotSpot(TM) 64-Bit Server VM (25.60-b23 mixed mode windows-amd64 compressed oops)
Heap:
 PSYoungGen      total 102912K, used 90834K [0x00000000eab00000, 0x00000000f1880000, 0x0000000100000000)
  eden space 94720K, 94% used [0x00000000eab00000,0x00000000f025ead8,0x00000000f0780000)
  from space 8192K, 16% used [0x00000000f1080000,0x00000000f11d6110,0x00000000f1880000)
  to   space 8704K, 0% used [0x00000000f0780000,0x00000000f0780000,0x00000000f1000000)
 ParOldGen       total 40448K, used 11804K [0x00000000c0000000, 0x00000000c2780000, 0x00000000eab00000)
  object space 40448K, 29% used [0x00000000c0000000,0x00000000c0b87370,0x00000000c2780000)
 Metaspace       used 22405K, capacity 23010K, committed 23168K, reserved 1069056K
  class space    used 2947K, capacity 3152K, committed 3200K, reserved 1048576K
GC Heap History (10 events):
Event: 4.144 GC heap before
{Heap before GC invocations=5 (full 0):
 PSYoungGen      total 34304K, used 34280K [0x00000000eab00000, 0x00000000ecf00000, 0x0000000100000000)
  eden space 31744K, 100% used [0x00000000eab00000,0x00000000eca00000,0x00000000eca00000)
  from space 2560K, 99% used [0x00000000ecc80000,0x00000000ecefa040,0x00000000ecf00000)
  to   space 2560K, 0% used [0x00000000eca00000,0x00000000eca00000,0x00000000ecc80000)
 ParOldGen       total 42496K, used 5113K [0x00000000c0000000, 0x00000000c2980000, 0x00000000eab00000)
  object space 42496K, 12% used [0x00000000c0000000,0x00000000c04fe738,0x00000000c2980000)
 Metaspace       used 17980K, capacity 18366K, committed 18560K, reserved 1064960K
  class space    used 2431K, capacity 2571K, committed 2688K, reserved 1048576K
Event: 4.206 GC heap after
Heap after GC invocations=5 (full 0):
 PSYoungGen      total 34304K, used 2552K [0x00000000eab00000, 0x00000000ef900000, 0x0000000100000000)
  eden space 31744K, 0% used [0x00000000eab00000,0x00000000eab00000,0x00000000eca00000)
  from space 2560K, 99% used [0x00000000eca00000,0x00000000ecc7e030,0x00000000ecc80000)
  to   space 8192K, 0% used [0x00000000ef100000,0x00000000ef100000,0x00000000ef900000)
 ParOldGen       total 42496K, used 9999K [0x00000000c0000000, 0x00000000c2980000, 0x00000000eab00000)
  object space 42496K, 23% used [0x00000000c0000000,0x00000000c09c3eb8,0x00000000c2980000)
 Metaspace       used 17980K, capacity 18366K, committed 18560K, reserved 1064960K
  class space    used 2431K, capacity 2571K, committed 2688K, reserved 1048576K
}
Event: 5.100 GC heap before
{Heap before GC invocations=6 (full 0):
 PSYoungGen      total 34304K, used 28053K [0x00000000eab00000, 0x00000000ef900000, 0x0000000100000000)
  eden space 31744K, 80% used [0x00000000eab00000,0x00000000ec3e7768,0x00000000eca00000)
  from space 2560K, 99% used [0x00000000eca00000,0x00000000ecc7e030,0x00000000ecc80000)
  to   space 8192K, 0% used [0x00000000ef100000,0x00000000ef100000,0x00000000ef900000)
 ParOldGen       total 42496K, used 9999K [0x00000000c0000000, 0x00000000c2980000, 0x00000000eab00000)
  object space 42496K, 23% used [0x00000000c0000000,0x00000000c09c3eb8,0x00000000c2980000)
 Metaspace       used 20776K, capacity 21244K, committed 21296K, reserved 1067008K
  class space    used 2771K, capacity 2927K, committed 2944K, reserved 1048576K
Event: 5.116 GC heap after
Heap after GC invocations=6 (full 0):
 PSYoungGen      total 71680K, used 5791K [0x00000000eab00000, 0x00000000ef900000, 0x0000000100000000)
  eden space 63488K, 0% used [0x00000000eab00000,0x00000000eab00000,0x00000000ee900000)
  from space 8192K, 70% used [0x00000000ef100000,0x00000000ef6a7e68,0x00000000ef900000)
  to   space 8192K, 0% used [0x00000000ee900000,0x00000000ee900000,0x00000000ef100000)
 ParOldGen       total 42496K, used 9999K [0x00000000c0000000, 0x00000000c2980000, 0x00000000eab00000)
  object space 42496K, 23% used [0x00000000c0000000,0x00000000c09c3eb8,0x00000000c2980000)
 Metaspace       used 20776K, capacity 21244K, committed 21296K, reserved 1067008K
  class space    used 2771K, capacity 2927K, committed 2944K, reserved 1048576K
}
Event: 5.116 GC heap before
{Heap before GC invocations=7 (full 1):
 PSYoungGen      total 71680K, used 5791K [0x00000000eab00000, 0x00000000ef900000, 0x0000000100000000)
  eden space 63488K, 0% used [0x00000000eab00000,0x00000000eab00000,0x00000000ee900000)
  from space 8192K, 70% used [0x00000000ef100000,0x00000000ef6a7e68,0x00000000ef900000)
  to   space 8192K, 0% used [0x00000000ee900000,0x00000000ee900000,0x00000000ef100000)
 ParOldGen       total 42496K, used 9999K [0x00000000c0000000, 0x00000000c2980000, 0x00000000eab00000)
  object space 42496K, 23% used [0x00000000c0000000,0x00000000c09c3eb8,0x00000000c2980000)
 Metaspace       used 20776K, capacity 21244K, committed 21296K, reserved 1067008K
  class space    used 2771K, capacity 2927K, committed 2944K, reserved 1048576K
Event: 5.210 GC heap after
Heap after GC invocations=7 (full 1):
 PSYoungGen      total 71680K, used 0K [0x00000000eab00000, 0x00000000ef900000, 0x0000000100000000)
  eden space 63488K, 0% used [0x00000000eab00000,0x00000000eab00000,0x00000000ee900000)
  from space 8192K, 0% used [0x00000000ef100000,0x00000000ef100000,0x00000000ef900000)
  to   space 8192K, 0% used [0x00000000ee900000,0x00000000ee900000,0x00000000ef100000)
 ParOldGen       total 40448K, used 11796K [0x00000000c0000000, 0x00000000c2780000, 0x00000000eab00000)
  object space 40448K, 29% used [0x00000000c0000000,0x00000000c0b85370,0x00000000c2780000)
 Metaspace       used 20776K, capacity 21244K, committed 21296K, reserved 1067008K
  class space    used 2771K, capacity 2927K, committed 2944K, reserved 1048576K
}
Event: 5.726 GC heap before
{Heap before GC invocations=8 (full 1):
 PSYoungGen      total 71680K, used 63488K [0x00000000eab00000, 0x00000000ef900000, 0x0000000100000000)
  eden space 63488K, 100% used [0x00000000eab00000,0x00000000ee900000,0x00000000ee900000)
  from space 8192K, 0% used [0x00000000ef100000,0x00000000ef100000,0x00000000ef900000)
  to   space 8192K, 0% used [0x00000000ee900000,0x00000000ee900000,0x00000000ef100000)
 ParOldGen       total 40448K, used 11796K [0x00000000c0000000, 0x00000000c2780000, 0x00000000eab00000)
  object space 40448K, 29% used [0x00000000c0000000,0x00000000c0b85370,0x00000000c2780000)
 Metaspace       used 22374K, capacity 22946K, committed 23168K, reserved 1069056K
  class space    used 2946K, capacity 3152K, committed 3200K, reserved 1048576K
Event: 5.731 GC heap after
Heap after GC invocations=8 (full 1):
 PSYoungGen      total 71680K, used 2021K [0x00000000eab00000, 0x00000000f1900000, 0x0000000100000000)
  eden space 63488K, 0% used [0x00000000eab00000,0x00000000eab00000,0x00000000ee900000)
  from space 8192K, 24% used [0x00000000ee900000,0x00000000eeaf9510,0x00000000ef100000)
  to   space 8704K, 0% used [0x00000000f1080000,0x00000000f1080000,0x00000000f1900000)
 ParOldGen       total 40448K, used 11804K [0x00000000c0000000, 0x00000000c2780000, 0x00000000eab00000)
  object space 40448K, 29% used [0x00000000c0000000,0x00000000c0b87370,0x00000000c2780000)
 Metaspace       used 22374K, capacity 22946K, committed 23168K, reserved 1069056K
  class space    used 2946K, capacity 3152K, committed 3200K, reserved 1048576K
}
Event: 6.117 GC heap before
{Heap before GC invocations=9 (full 1):
 PSYoungGen      total 71680K, used 65509K [0x00000000eab00000, 0x00000000f1900000, 0x0000000100000000)
  eden space 63488K, 100% used [0x00000000eab00000,0x00000000ee900000,0x00000000ee900000)
  from space 8192K, 24% used [0x00000000ee900000,0x00000000eeaf9510,0x00000000ef100000)
  to   space 8704K, 0% used [0x00000000f1080000,0x00000000f1080000,0x00000000f1900000)
 ParOldGen       total 40448K, used 11804K [0x00000000c0000000, 0x00000000c2780000, 0x00000000eab00000)
  object space 40448K, 29% used [0x00000000c0000000,0x00000000c0b87370,0x00000000c2780000)
 Metaspace       used 22375K, capacity 22946K, committed 23168K, reserved 1069056K
  class space    used 2946K, capacity 3152K, committed 3200K, reserved 1048576K
Event: 6.123 GC heap after
Heap after GC invocations=9 (full 1):
 PSYoungGen      total 102912K, used 1368K [0x00000000eab00000, 0x00000000f1880000, 0x0000000100000000)
  eden space 94720K, 0% used [0x00000000eab00000,0x00000000eab00000,0x00000000f0780000)
  from space 8192K, 16% used [0x00000000f1080000,0x00000000f11d6110,0x00000000f1880000)
  to   space 8704K, 0% used [0x00000000f0780000,0x00000000f0780000,0x00000000f1000000)
 ParOldGen       total 40448K, used 11804K [0x00000000c0000000, 0x00000000c2780000, 0x00000000eab00000)
  object space 40448K, 29% used [0x00000000c0000000,0x00000000c0b87370,0x00000000c2780000)
 Metaspace       used 22375K, capacity 22946K, committed 23168K, reserved 1069056K
  class space    used 2946K, capacity 3152K, committed 3200K, reserved 1048576K
}

